<?xml version="1.0" encoding="utf-8"?><testsuites name="pytest tests"><testsuite name="pytest" errors="0" failures="0" skipped="0" tests="8" time="1.857" timestamp="2026-04-24T13:22:21.382660+00:00" hostname="agent-env-71fbc1c0-536e-42f8-aa87-a2c84e4113c4"><testcase classname="backend.tests.test_iteration5_leaderboard.TestLeaderboardShape" name="test_requires_auth" time="0.157" /><testcase classname="backend.tests.test_iteration5_leaderboard.TestLeaderboardShape" name="test_basic_shape" time="0.327" /><testcase classname="backend.tests.test_iteration5_leaderboard.TestLeaderboardCatches" name="test_top_catchers_and_me" time="0.285" /><testcase classname="backend.tests.test_iteration5_leaderboard.TestLeaderboardCatches" name="test_top_pokemon_aggregates" time="0.133" /><testcase classname="backend.tests.test_iteration5_leaderboard.TestLeaderboardWalkers" name="test_top_walkers_and_me" time="0.131" /><testcase classname="backend.tests.test_iteration5_leaderboard.TestPositionAccumulation" name="test_position_endpoint_shape" time="0.049" /><testcase classname="backend.tests.test_iteration5_leaderboard.TestPositionAccumulation" name="test_position_accumulates_into_daily" time="0.491" /><testcase classname="backend.tests.test_iteration5_leaderboard.TestPositionAccumulation" name="test_position_ignores_gps_jump" time="0.121" /></testsuite></testsuites>