<?xml version="1.0" encoding="utf-8"?><testsuites name="pytest tests"><testsuite name="pytest" errors="0" failures="0" skipped="3" tests="10" time="11.968" timestamp="2026-04-29T01:57:12.535089+00:00" hostname="agent-env-71fbc1c0-536e-42f8-aa87-a2c84e4113c4"><testcase classname="backend.tests.test_iteration13.TestChallengesToday" name="test_today_returns_three_with_required_fields" time="3.270" /><testcase classname="backend.tests.test_iteration13.TestChallengesToday" name="test_three_tiers_one_each" time="0.112" /><testcase classname="backend.tests.test_iteration13.TestChallengesToday" name="test_deterministic_same_camper" time="0.223" /><testcase classname="backend.tests.test_iteration13.TestChallengesToday" name="test_different_campers_get_potentially_different" time="0.557" /><testcase classname="backend.tests.test_iteration13.TestChallengeClaim" name="test_claim_unknown_id_404" time="0.128" /><testcase classname="backend.tests.test_iteration13.TestChallengeClaim" name="test_claim_incomplete_returns_400" time="0.234" /><testcase classname="backend.tests.test_iteration13.TestChallengeProgress" name="test_catch_total_progress_increments_after_catch" time="3.131"><skipped type="pytest.skip" message="could not successfully catch a Pokemon to verify progress">/app/backend/tests/test_iteration13.py:261: could not successfully catch a Pokemon to verify progress</skipped></testcase><testcase classname="backend.tests.test_iteration13.TestChallengeProgress" name="test_throw_count_progress_records_throws" time="3.890"><skipped type="pytest.skip" message="no spawns available">/app/backend/tests/test_iteration13.py:277: no spawns available</skipped></testcase><testcase classname="backend.tests.test_iteration13.TestClaimEndToEnd" name="test_claim_pays_out_and_marks_claimed" time="0.215"><skipped type="pytest.skip" message="could not complete an easy challenge in the test window">/app/backend/tests/test_iteration13.py:338: could not complete an easy challenge in the test window</skipped></testcase><testcase classname="backend.tests.test_iteration13.TestSpawnCurrent" name="test_returns_spawns_list" time="0.113" /></testsuite></testsuites>