<?xml version="1.0" encoding="utf-8"?><testsuites name="pytest tests"><testsuite name="pytest" errors="0" failures="0" skipped="0" tests="13" time="50.150" timestamp="2026-05-07T20:41:04.645415+00:00" hostname="agent-env-71fbc1c0-536e-42f8-aa87-a2c84e4113c4"><testcase classname="backend.tests.test_iteration22.TestInventory" name="test_inventory_requires_auth" time="0.248" /><testcase classname="backend.tests.test_iteration22.TestInventory" name="test_inventory_shape" time="0.619" /><testcase classname="backend.tests.test_iteration22.TestInventory" name="test_use_razz_berry_consumes_and_400_when_empty" time="0.768" /><testcase classname="backend.tests.test_iteration22.TestInventory" name="test_use_lucky_egg_stacks" time="1.365" /><testcase classname="backend.tests.test_iteration22.TestBulkGrant" name="test_empty_group_code_400" time="0.152" /><testcase classname="backend.tests.test_iteration22.TestBulkGrant" name="test_unknown_group_code_404" time="0.126" /><testcase classname="backend.tests.test_iteration22.TestBulkGrant" name="test_amount_out_of_range" time="0.255" /><testcase classname="backend.tests.test_iteration22.TestBulkGrant" name="test_zero_amount_400" time="0.117" /><testcase classname="backend.tests.test_iteration22.TestBulkGrant" name="test_happy_path_positive" time="0.158" /><testcase classname="backend.tests.test_iteration22.TestBulkGrant" name="test_negative_amount_works" time="0.388" /><testcase classname="backend.tests.test_iteration22.TestPositionStationary" name="test_position_writes_last_movement_and_stationary_static" time="45.049" /><testcase classname="backend.tests.test_iteration22.TestPositionStationary" name="test_admin_camper_positions_legacy_fallback" time="0.208" /><testcase classname="backend.tests.test_iteration22.TestRazzRegression" name="test_razz_pending_clears_on_catch_or_flee" time="0.529" /></testsuite></testsuites>