<?xml version="1.0" encoding="utf-8"?><testsuites name="pytest tests"><testsuite name="pytest" errors="0" failures="0" skipped="0" tests="26" time="46.108" timestamp="2026-05-06T20:18:14.277141+00:00" hostname="agent-env-71fbc1c0-536e-42f8-aa87-a2c84e4113c4"><testcase classname="backend.tests.test_iteration21.TestFriends" name="test_friends_returns_same_group_excluding_self" time="1.025" /><testcase classname="backend.tests.test_iteration21.TestFriends" name="test_friends_empty_when_social_disabled" time="0.300" /><testcase classname="backend.tests.test_iteration21.TestGifts" name="test_self_gift_400" time="0.307" /><testcase classname="backend.tests.test_iteration21.TestGifts" name="test_send_gift_then_inbox_then_open" time="1.913" /><testcase classname="backend.tests.test_iteration21.TestGifts" name="test_cross_group_gift_403" time="0.800" /><testcase classname="backend.tests.test_iteration21.TestGifts" name="test_gift_send_blocked_when_social_off" time="0.526" /><testcase classname="backend.tests.test_iteration21.TestTrades" name="test_propose_same_rarity_success" time="12.396" /><testcase classname="backend.tests.test_iteration21.TestTrades" name="test_propose_cross_rarity_400" time="0.467" /><testcase classname="backend.tests.test_iteration21.TestTrades" name="test_accept_proximity_gate_far" time="1.139" /><testcase classname="backend.tests.test_iteration21.TestTrades" name="test_accept_success_swaps_catches" time="1.035" /><testcase classname="backend.tests.test_iteration21.TestTrades" name="test_reject_proposed" time="1.331" /><testcase classname="backend.tests.test_iteration21.TestTrades" name="test_reject_works_when_social_off" time="1.444" /><testcase classname="backend.tests.test_iteration21.TestTrades" name="test_propose_blocked_when_social_off" time="0.288" /><testcase classname="backend.tests.test_iteration21.TestTrades" name="test_camper_revert_within_window" time="2.260" /><testcase classname="backend.tests.test_iteration21.TestTrades" name="test_camper_revert_outside_window_400" time="1.545" /><testcase classname="backend.tests.test_iteration21.TestTrades" name="test_admin_revert_any_accepted" time="1.529" /><testcase classname="backend.tests.test_iteration21.TestTrades" name="test_admin_list_trades" time="0.558" /><testcase classname="backend.tests.test_iteration21.TestRegressions" name="test_admin_login" time="0.472" /><testcase classname="backend.tests.test_iteration21.TestRegressions" name="test_streak" time="0.286" /><testcase classname="backend.tests.test_iteration21.TestRegressions" name="test_buddy_get" time="0.730" /><testcase classname="backend.tests.test_iteration21.TestRegressions" name="test_inventory" time="0.329" /><testcase classname="backend.tests.test_iteration21.TestRegressions" name="test_active_raids" time="0.261" /><testcase classname="backend.tests.test_iteration21.TestRegressions" name="test_pokestops_status" time="0.268" /><testcase classname="backend.tests.test_iteration21.TestRegressions" name="test_admin_pokemon_list" time="14.095" /><testcase classname="backend.tests.test_iteration21.TestRegressions" name="test_admin_events" time="0.384" /><testcase classname="backend.tests.test_iteration21.TestRegressions" name="test_spawn_current" time="0.308" /></testsuite></testsuites>