<?xml version="1.0" encoding="utf-8"?><testsuites name="pytest tests"><testsuite name="pytest" errors="0" failures="0" skipped="0" tests="15" time="100.174" timestamp="2026-04-24T12:44:05.140199+00:00" hostname="agent-env-71fbc1c0-536e-42f8-aa87-a2c84e4113c4"><testcase classname="backend.tests.test_iteration4.TestSpawnCurrent" name="test_returns_spawns_list" time="0.806" /><testcase classname="backend.tests.test_iteration4.TestSpawnCurrent" name="test_multi_spawn_up_to_max" time="2.623" /><testcase classname="backend.tests.test_iteration4.TestCatchNoFleeOnMiss" name="test_miss_keeps_spawn_in_list" time="0.296" /><testcase classname="backend.tests.test_iteration4.TestCatchNoFleeOnMiss" name="test_miss_explicit_by_forcing_legendary" time="0.187" /><testcase classname="backend.tests.test_iteration4.TestSpawnFlee" name="test_flee_one_keeps_others" time="0.119" /><testcase classname="backend.tests.test_iteration4.TestSpawnTTLMigration" name="test_low_ttl_bumped_to_3600" time="0.140" /><testcase classname="backend.tests.test_iteration4" name="test_catch_rates_statistical[common-0.95-0.08]" time="61.415" /><testcase classname="backend.tests.test_iteration4" name="test_catch_rates_statistical[legendary-0.25-0.12]" time="26.232" /><testcase classname="backend.tests.test_iteration4.TestAdminSmoke" name="test_admin_login" time="0.118" /><testcase classname="backend.tests.test_iteration4.TestAdminSmoke" name="test_admin_pokemon_list" time="2.992" /><testcase classname="backend.tests.test_iteration4.TestAdminSmoke" name="test_admin_analytics" time="4.633" /><testcase classname="backend.tests.test_iteration4.TestAdminSmoke" name="test_admin_roster" time="0.115" /><testcase classname="backend.tests.test_iteration4.TestAdminSmoke" name="test_admin_map_pins" time="0.106" /><testcase classname="backend.tests.test_iteration4.TestWalletSmoke" name="test_wallet_get" time="0.103" /><testcase classname="backend.tests.test_iteration4.TestWalletSmoke" name="test_wallet_claim_daily" time="0.119" /></testsuite></testsuites>