<?xml version="1.0" encoding="utf-8"?><testsuites name="pytest tests"><testsuite name="pytest" errors="0" failures="0" skipped="0" tests="4" time="5.050" timestamp="2026-05-08T18:00:34.534755+00:00" hostname="agent-env-71fbc1c0-536e-42f8-aa87-a2c84e4113c4"><testcase classname="backend.tests.test_iteration24" name="test_inventory_returns_200_and_shape" time="0.643" /><testcase classname="backend.tests.test_iteration24" name="test_admin_pokemon_list_returns_200" time="3.796" /><testcase classname="backend.tests.test_iteration24" name="test_admin_bulk_upload_one_accepts_png" time="0.358" /><testcase classname="backend.tests.test_iteration24" name="test_groups_list_b01" time="0.140" /></testsuite></testsuites>