<?xml version="1.0" encoding="utf-8"?><testsuites name="pytest tests"><testsuite name="pytest" errors="0" failures="1" skipped="0" tests="9" time="17.173" timestamp="2026-04-29T01:39:28.591619+00:00" hostname="agent-env-71fbc1c0-536e-42f8-aa87-a2c84e4113c4"><testcase classname="backend.tests.test_iteration12.TestPokemonType" name="test_admin_pokemon_list_has_type_field" time="4.299" /><testcase classname="backend.tests.test_iteration12.TestPokemonType" name="test_patch_pokemon_type_persists" time="6.425" /><testcase classname="backend.tests.test_iteration12.TestPokemonType" name="test_bulk_upload_accepts_types_field" time="0.370"><failure message="AssertionError: assert None == 'rock'&#10; +  where None = &lt;built-in method get of dict object at 0xfb19ded5b2c0&gt;('TEST_iter12_rock')&#10; +    where &lt;built-in method get of dict object at 0xfb19ded5b2c0&gt; = {'TEST iter12 dark': 'dark', 'TEST iter12 rock': 'rock'}.get">backend/tests/test_iteration12.py:136: in test_bulk_upload_accepts_types_field
    assert created_types.get("TEST_iter12_rock") == "rock"
E   AssertionError: assert None == 'rock'
E    +  where None = &lt;built-in method get of dict object at 0xfb19ded5b2c0&gt;('TEST_iter12_rock')
E    +    where &lt;built-in method get of dict object at 0xfb19ded5b2c0&gt; = {'TEST iter12 dark': 'dark', 'TEST iter12 rock': 'rock'}.get</failure></testcase><testcase classname="backend.tests.test_iteration12.TestPokemonType" name="test_bank_returns_type" time="0.964" /><testcase classname="backend.tests.test_iteration12.TestWalletShape" name="test_wallet_shape" time="0.112" /><testcase classname="backend.tests.test_iteration12.TestSpawnCatchBallType" name="test_rayball_falls_back_to_pokeball_when_zero" time="1.723" /><testcase classname="backend.tests.test_iteration12.TestSpawnCatchBallType" name="test_pokeball_catch_returns_ball_used_pokeball" time="1.361" /><testcase classname="backend.tests.test_iteration12.TestBallCatchMult" name="test_multipliers_in_wallet" time="0.143" /><testcase classname="backend.tests.test_iteration12.TestBallCatchMult" name="test_high_rate_pokeball_catch_succeeds" time="1.696" /></testsuite></testsuites>