<?xml version="1.0" encoding="utf-8"?><testsuites name="pytest tests"><testsuite name="pytest" errors="0" failures="0" skipped="0" tests="9" time="35.484" timestamp="2026-04-28T17:48:18.229997+00:00" hostname="agent-env-71fbc1c0-536e-42f8-aa87-a2c84e4113c4"><testcase classname="backend.tests.test_iteration10.TestP0Spawns" name="test_spawn_current_polled_5x_no_500" time="11.504" /><testcase classname="backend.tests.test_iteration10.TestP0Spawns" name="test_spawn_current_image_data_url_populated" time="0.915" /><testcase classname="backend.tests.test_iteration10.TestP0Spawns" name="test_spawn_current_polled_10x_no_doctoo_large" time="15.469" /><testcase classname="backend.tests.test_iteration10.TestP0Spawns" name="test_spawn_catch_returns_image_url" time="1.485" /><testcase classname="backend.tests.test_iteration10.TestP1CamperPositions" name="test_camper_positions_requires_admin" time="0.105" /><testcase classname="backend.tests.test_iteration10.TestP1CamperPositions" name="test_camper_positions_shape" time="0.434" /><testcase classname="backend.tests.test_iteration10.TestP2ScheduledWindows" name="test_scheduled_windows_persists" time="0.516" /><testcase classname="backend.tests.test_iteration10.TestP2ScheduledWindows" name="test_active_window_overrides_off_hours" time="4.629" /><testcase classname="backend.tests.test_iteration10" name="test_is_within_active_hours_window_overrides" time="0.341" /></testsuite></testsuites>