<?xml version="1.0" encoding="utf-8"?><testsuites name="pytest tests"><testsuite name="pytest" errors="0" failures="0" skipped="0" tests="21" time="10.728" timestamp="2026-04-24T12:07:44.979124+00:00" hostname="agent-env-71fbc1c0-536e-42f8-aa87-a2c84e4113c4"><testcase classname="backend.tests.test_iteration3" name="test_wallet_autoinit_returns_starting_balance" time="0.370" /><testcase classname="backend.tests.test_iteration3" name="test_wallet_second_call_stable_balance" time="0.108" /><testcase classname="backend.tests.test_iteration3" name="test_wallet_unauthenticated_rejected" time="0.106" /><testcase classname="backend.tests.test_iteration3" name="test_claim_daily_first_time_grants_25" time="0.108" /><testcase classname="backend.tests.test_iteration3" name="test_claim_daily_second_time_429" time="0.102" /><testcase classname="backend.tests.test_iteration3" name="test_wallet_can_claim_daily_false_after_claim" time="0.104" /><testcase classname="backend.tests.test_iteration3" name="test_ledger_returns_descending_entries" time="0.097" /><testcase classname="backend.tests.test_iteration3" name="test_claim_pin_404_when_pin_missing" time="0.101" /><testcase classname="backend.tests.test_iteration3" name="test_claim_pin_400_when_no_position" time="0.576" /><testcase classname="backend.tests.test_iteration3" name="test_claim_pin_400_when_too_far" time="0.228" /><testcase classname="backend.tests.test_iteration3" name="test_claim_pin_success_grants_5" time="0.216" /><testcase classname="backend.tests.test_iteration3" name="test_claim_pin_429_same_day" time="0.111" /><testcase classname="backend.tests.test_iteration3" name="test_catch_deducts_and_rewards" time="4.860" /><testcase classname="backend.tests.test_iteration3" name="test_catch_402_when_out_of_balls" time="2.168" /><testcase classname="backend.tests.test_iteration3" name="test_admin_grant_balls" time="0.310" /><testcase classname="backend.tests.test_iteration3" name="test_admin_grant_zero_400" time="0.107" /><testcase classname="backend.tests.test_iteration3" name="test_admin_grant_over_1000_400" time="0.098" /><testcase classname="backend.tests.test_iteration3" name="test_admin_grant_negative_deducts" time="0.214" /><testcase classname="backend.tests.test_iteration3" name="test_admin_balances_list" time="0.121" /><testcase classname="backend.tests.test_iteration3" name="test_admin_ledger_returns_entries" time="0.101" /><testcase classname="backend.tests.test_iteration3" name="test_admin_wallet_rejects_camper_token" time="0.353" /></testsuite></testsuites>