<?xml version="1.0" encoding="utf-8"?><testsuites name="pytest tests"><testsuite name="pytest" errors="0" failures="0" skipped="0" tests="8" time="6.685" timestamp="2026-04-29T01:06:26.789428+00:00" hostname="agent-env-71fbc1c0-536e-42f8-aa87-a2c84e4113c4"><testcase classname="backend.tests.test_iteration11.TestAmbient" name="test_requires_auth" time="0.253" /><testcase classname="backend.tests.test_iteration11.TestAmbient" name="test_ambient_no_coords_fallback" time="0.501" /><testcase classname="backend.tests.test_iteration11.TestAmbient" name="test_ambient_open_meteo_real" time="0.634" /><testcase classname="backend.tests.test_iteration11.TestAmbient" name="test_ambient_cache_fast_second_call" time="0.353" /><testcase classname="backend.tests.test_iteration11.TestAmbient" name="test_ambient_malformed_upstream_safe" time="0.580" /><testcase classname="backend.tests.test_iteration11.TestSpawnPlacement" name="test_no_coords_returns_empty" time="0.964" /><testcase classname="backend.tests.test_iteration11.TestSpawnPlacement" name="test_spawns_near_camper_coords" time="0.931" /><testcase classname="backend.tests.test_iteration11.TestSpawnPlacement" name="test_relocation_prunes_far_spawns" time="2.408" /></testsuite></testsuites>