<?xml version="1.0" encoding="utf-8"?><testsuites name="pytest tests"><testsuite name="pytest" errors="0" failures="0" skipped="0" tests="6" time="8.464" timestamp="2026-04-28T17:06:15.219111+00:00" hostname="agent-env-71fbc1c0-536e-42f8-aa87-a2c84e4113c4"><testcase classname="backend.tests.test_iteration9" name="test_supervisor_challenge_shape" time="1.284" /><testcase classname="backend.tests.test_iteration9" name="test_analytics_export_csv" time="0.564" /><testcase classname="backend.tests.test_iteration9" name="test_analytics_export_unauth" time="0.198" /><testcase classname="backend.tests.test_iteration9" name="test_wall_of_fame_shape" time="0.842" /><testcase classname="backend.tests.test_iteration9" name="test_wall_of_fame_unauth" time="0.181" /><testcase classname="backend.tests.test_iteration9" name="test_supervisor_challenge_increments_after_catch" time="5.321" /></testsuite></testsuites>