<?xml version="1.0" encoding="utf-8"?><testsuites name="pytest tests"><testsuite name="pytest" errors="0" failures="0" skipped="0" tests="21" time="6.270" timestamp="2026-04-21T19:11:51.103045+00:00" hostname="agent-env-71fbc1c0-536e-42f8-aa87-a2c84e4113c4"><testcase classname="backend.tests.test_iteration2" name="test_groups_returns_list" time="0.156" /><testcase classname="backend.tests.test_iteration2" name="test_groups_b01_campers_sorted" time="0.138" /><testcase classname="backend.tests.test_iteration2" name="test_camper_login_valid" time="0.143" /><testcase classname="backend.tests.test_iteration2" name="test_camper_login_invalid" time="0.128" /><testcase classname="backend.tests.test_iteration2" name="test_camper_auth_me" time="0.110" /><testcase classname="backend.tests.test_iteration2" name="test_admin_roster_status" time="0.489" /><testcase classname="backend.tests.test_iteration2" name="test_admin_roster_list" time="0.178" /><testcase classname="backend.tests.test_iteration2" name="test_admin_roster_sync" time="1.146" /><testcase classname="backend.tests.test_iteration2" name="test_admin_roster_rejects_camper_token" time="0.208" /><testcase classname="backend.tests.test_iteration2" name="test_admin_pins_list_empty_or_existing" time="0.156" /><testcase classname="backend.tests.test_iteration2" name="test_admin_create_pin_requires_latlng" time="0.139" /><testcase classname="backend.tests.test_iteration2" name="test_admin_create_pin" time="0.110" /><testcase classname="backend.tests.test_iteration2" name="test_admin_update_pin_toggle" time="0.251" /><testcase classname="backend.tests.test_iteration2" name="test_user_map_pins_returns_active" time="0.272" /><testcase classname="backend.tests.test_iteration2" name="test_spawn_includes_pin_coordinates" time="0.409" /><testcase classname="backend.tests.test_iteration2" name="test_camper_catch_persists_per_camper" time="0.732" /><testcase classname="backend.tests.test_iteration2" name="test_other_camper_separate_bank" time="0.232" /><testcase classname="backend.tests.test_iteration2" name="test_admin_endpoints_reject_camper" time="0.584" /><testcase classname="backend.tests.test_iteration2" name="test_spawn_current_requires_auth" time="0.129" /><testcase classname="backend.tests.test_iteration2" name="test_legacy_user_login_endpoint_exists" time="0.139" /><testcase classname="backend.tests.test_iteration2" name="test_admin_delete_pin" time="0.256" /></testsuite></testsuites>