<?xml version="1.0" encoding="utf-8"?><testsuites name="pytest tests"><testsuite name="pytest" errors="0" failures="0" skipped="0" tests="4" time="4.548" timestamp="2026-04-28T15:56:14.537628+00:00" hostname="agent-env-71fbc1c0-536e-42f8-aa87-a2c84e4113c4"><testcase classname="backend.tests.test_iteration7_burst_spawn.TestBurstSpawn" name="test_flush_then_burst_returns_at_least_4" time="0.813" /><testcase classname="backend.tests.test_iteration7_burst_spawn.TestBurstSpawn" name="test_rarity_mix" time="0.365" /><testcase classname="backend.tests.test_iteration7_burst_spawn.TestBurstSpawn" name="test_repoll_no_churn" time="2.721" /><testcase classname="backend.tests.test_iteration7_burst_spawn.TestCatchFlow" name="test_catch_deducts_ball" time="0.583" /></testsuite></testsuites>