<?xml version="1.0" encoding="utf-8"?><testsuites name="pytest tests"><testsuite name="pytest" errors="1" failures="2" skipped="0" tests="5" time="69.287" timestamp="2026-04-24T13:35:36.126276+00:00" hostname="agent-env-71fbc1c0-536e-42f8-aa87-a2c84e4113c4"><testcase classname="backend.tests.test_iteration6_bg_removal.TestFixBackgroundsEndpoint" name="test_admin_auth_required" time="0.163" /><testcase classname="backend.tests.test_iteration6_bg_removal.TestFixBackgroundsEndpoint" name="test_fix_backgrounds_runs" time="60.489"><failure message="AssertionError: 502 The preview environment is not responding. It may be starting up.&#10;  &#10;assert 502 == 200&#10; +  where 502 = &lt;Response [502]&gt;.status_code">backend/tests/test_iteration6_bg_removal.py:82: in test_fix_backgrounds_runs
    assert r.status_code == 200, f"{r.status_code} {r.text}"
E   AssertionError: 502 The preview environment is not responding. It may be starting up.
E     
E   assert 502 == 200
E    +  where 502 = &lt;Response [502]&gt;.status_code</failure></testcase><testcase classname="backend.tests.test_iteration6_bg_removal.TestAllPokemonTransparency" name="test_every_active_pokemon_has_transparent_bg" time="4.578"><failure message="AssertionError: 3 pokemon have insufficient colored body: [('Canoebeak', 'colorful-body=5.05% (&lt;8%)'), ('Starfire Owl', 'colorful-body=4.44% (&lt;8%)'), ('Canoebeak', 'colorful-body=5.75% (&lt;8%)')]&#10;assert not [('Canoebeak', 'colorful-body=5.05% (&lt;8%)'), ('Starfire Owl', 'colorful-body=4.44% (&lt;8%)'), ('Canoebeak', 'colorful-body=5.75% (&lt;8%)')]">backend/tests/test_iteration6_bg_removal.py:120: in test_every_active_pokemon_has_transparent_bg
    assert not failures_body, f"{len(failures_body)} pokemon have insufficient colored body: {failures_body}"
E   AssertionError: 3 pokemon have insufficient colored body: [('Canoebeak', 'colorful-body=5.05% (&lt;8%)'), ('Starfire Owl', 'colorful-body=4.44% (&lt;8%)'), ('Canoebeak', 'colorful-body=5.75% (&lt;8%)')]
E   assert not [('Canoebeak', 'colorful-body=5.05% (&lt;8%)'), ('Starfire Owl', 'colorful-body=4.44% (&lt;8%)'), ('Canoebeak', 'colorful-body=5.75% (&lt;8%)')]</failure></testcase><testcase classname="backend.tests.test_iteration6_bg_removal.TestSyntheticBgRemover" name="test_synthetic_script_passes" time="3.700" /><testcase classname="backend.tests.test_iteration6_bg_removal.TestLeaderboardRegression" name="test_weekly_leaderboard_200" time="0.133"><error message="failed on setup with &quot;KeyError: 'id'&quot;">backend/tests/test_iteration6_bg_removal.py:45: in camper_token
    group_id = g.json()[0]["id"]
               ^^^^^^^^^^^^^^^^^
E   KeyError: 'id'</error></testcase></testsuite></testsuites>