<?xml version="1.0" encoding="utf-8"?><testsuites name="pytest tests"><testsuite name="pytest" errors="0" failures="1" skipped="0" tests="8" time="5.241" timestamp="2026-05-10T01:53:46.625083+00:00" hostname="agent-env-71fbc1c0-536e-42f8-aa87-a2c84e4113c4"><testcase classname="backend.tests.test_iteration25" name="test_inventory_requires_auth" time="0.125" /><testcase classname="backend.tests.test_iteration25" name="test_inventory_authenticated" time="0.354" /><testcase classname="backend.tests.test_iteration25" name="test_admin_pokemon_list" time="4.038" /><testcase classname="backend.tests.test_iteration25.TestBulkGrantValidation" name="test_missing_required_fields" time="0.106" /><testcase classname="backend.tests.test_iteration25.TestBulkGrantValidation" name="test_negative_amount" time="0.150"><failure message="AssertionError: expected err, got 200 {&quot;group_code&quot;:&quot;B01&quot;,&quot;campers_updated&quot;:15,&quot;campers_failed&quot;:0,&quot;amount_per_camper&quot;:-3,&quot;total_balls_issued&quot;:-45}&#10;assert 200 in (400, 422)&#10; +  where 200 = &lt;Response [200]&gt;.status_code">backend/tests/test_iteration25.py:86: in test_negative_amount
    assert r.status_code in (400, 422), f"expected err, got {r.status_code} {r.text}"
E   AssertionError: expected err, got 200 {"group_code":"B01","campers_updated":15,"campers_failed":0,"amount_per_camper":-3,"total_balls_issued":-45}
E   assert 200 in (400, 422)
E    +  where 200 = &lt;Response [200]&gt;.status_code</failure></testcase><testcase classname="backend.tests.test_iteration25.TestBulkGrantValidation" name="test_unauthenticated" time="0.125" /><testcase classname="backend.tests.test_iteration25.TestBulkGrantValidation" name="test_valid_grant_to_group" time="0.132" /><testcase classname="backend.tests.test_iteration25" name="test_camper_positions_shape" time="0.125" /></testsuite></testsuites>