<?xml version="1.0" encoding="utf-8"?><testsuites name="pytest tests"><testsuite name="pytest" errors="0" failures="0" skipped="0" tests="17" time="2.273" timestamp="2026-04-29T03:35:30.853493+00:00" hostname="agent-env-71fbc1c0-536e-42f8-aa87-a2c84e4113c4"><testcase classname="tests.test_iteration14.TestChallengesShape" name="test_get_challenges_returns_four_buckets" time="0.265" /><testcase classname="tests.test_iteration14.TestChallengesShape" name="test_counts_per_period" time="0.084" /><testcase classname="tests.test_iteration14.TestChallengesShape" name="test_tier_distribution" time="0.077" /><testcase classname="tests.test_iteration14.TestChallengesShape" name="test_period_keys_format" time="0.074" /><testcase classname="tests.test_iteration14.TestChallengesShape" name="test_challenge_item_fields" time="0.074" /><testcase classname="tests.test_iteration14.TestChallengesShape" name="test_totals" time="0.073" /><testcase classname="tests.test_iteration14.TestChallengesShape" name="test_auth_required" time="0.049" /><testcase classname="tests.test_iteration14.TestDeterminism" name="test_same_camper_same_picks" time="0.147" /><testcase classname="tests.test_iteration14.TestDeterminism" name="test_different_campers_can_differ" time="0.266" /><testcase classname="tests.test_iteration14.TestBackCompat" name="test_challenges_today_returns_flat_daily" time="0.131" /><testcase classname="tests.test_iteration14.TestClaim" name="test_claim_unknown_id_returns_404" time="0.050" /><testcase classname="tests.test_iteration14.TestClaim" name="test_claim_inactive_id_returns_404" time="0.123" /><testcase classname="tests.test_iteration14.TestClaim" name="test_claim_incomplete_returns_400_with_progress" time="0.122" /><testcase classname="tests.test_iteration14.TestExpertSequence" name="test_expert_starts_with_e_first" time="0.159" /><testcase classname="tests.test_iteration14.TestExpertSequence" name="test_expert_advances_on_simulated_claim" time="0.074" /><testcase classname="tests.test_iteration14.TestExpertSequence" name="test_expert_empty_after_all_claims" time="0.411" /><testcase classname="tests.test_iteration14.TestExpertSequence" name="test_cleanup_expert_ledger" time="0.001" /></testsuite></testsuites>