<?xml version="1.0" encoding="utf-8"?><testsuites name="pytest tests"><testsuite name="pytest" errors="0" failures="0" skipped="0" tests="16" time="94.499" timestamp="2026-05-06T12:30:10.735045+00:00" hostname="agent-env-71fbc1c0-536e-42f8-aa87-a2c84e4113c4"><testcase classname="backend.tests.test_iteration16.TestStreakEndpoint" name="test_streak_fresh_shape" time="0.329" /><testcase classname="backend.tests.test_iteration16.TestStreakEndpoint" name="test_streak_after_catch" time="0.222" /><testcase classname="backend.tests.test_iteration16.TestWobbleStages" name="test_success_all_three_true" time="0.121" /><testcase classname="backend.tests.test_iteration16.TestWobbleStages" name="test_failure_has_at_least_one_false" time="0.666" /><testcase classname="backend.tests.test_iteration16.TestKidFriendlyRates" name="test_common_pokeball_high_success" time="9.447" /><testcase classname="backend.tests.test_iteration16.TestKidFriendlyRates" name="test_legendary_pokeball_band" time="15.026" /><testcase classname="backend.tests.test_iteration16.TestKidFriendlyRates" name="test_lunchball_raises_retention_vs_pokeball" time="46.826" /><testcase classname="backend.tests.test_iteration16.TestStreakMath" name="test_consecutive_day_increments_and_grants_reward" time="0.849" /><testcase classname="backend.tests.test_iteration16.TestStreakMath" name="test_skip_day_resets_to_one" time="0.497" /><testcase classname="backend.tests.test_iteration16.TestRegressions" name="test_admin_login" time="0.594" /><testcase classname="backend.tests.test_iteration16.TestRegressions" name="test_camper_login" time="0.000" /><testcase classname="backend.tests.test_iteration16.TestRegressions" name="test_spawn_current" time="0.886" /><testcase classname="backend.tests.test_iteration16.TestRegressions" name="test_wallet" time="0.709" /><testcase classname="backend.tests.test_iteration16.TestRegressions" name="test_bank" time="0.535" /><testcase classname="backend.tests.test_iteration16.TestRegressions" name="test_catches" time="17.463" /><testcase classname="backend.tests.test_iteration16.TestRegressions" name="test_admin_roster_status" time="0.222" /></testsuite></testsuites>