<?xml version="1.0" encoding="utf-8"?><testsuites name="pytest tests"><testsuite name="pytest" errors="0" failures="0" skipped="0" tests="13" time="49.562" timestamp="2026-05-07T12:01:02.984284+00:00" hostname="agent-env-71fbc1c0-536e-42f8-aa87-a2c84e4113c4"><testcase classname="backend.tests.test_iteration22.TestInventory" name="test_inventory_requires_auth" time="0.167" /><testcase classname="backend.tests.test_iteration22.TestInventory" name="test_inventory_shape" time="0.622" /><testcase classname="backend.tests.test_iteration22.TestInventory" name="test_use_razz_berry_consumes_and_400_when_empty" time="0.670" /><testcase classname="backend.tests.test_iteration22.TestInventory" name="test_use_lucky_egg_stacks" time="1.253" /><testcase classname="backend.tests.test_iteration22.TestBulkGrant" name="test_empty_group_code_400" time="0.123" /><testcase classname="backend.tests.test_iteration22.TestBulkGrant" name="test_unknown_group_code_404" time="0.117" /><testcase classname="backend.tests.test_iteration22.TestBulkGrant" name="test_amount_out_of_range" time="0.356" /><testcase classname="backend.tests.test_iteration22.TestBulkGrant" name="test_zero_amount_400" time="0.133" /><testcase classname="backend.tests.test_iteration22.TestBulkGrant" name="test_happy_path_positive" time="0.147" /><testcase classname="backend.tests.test_iteration22.TestBulkGrant" name="test_negative_amount_works" time="0.350" /><testcase classname="backend.tests.test_iteration22.TestPositionStationary" name="test_position_writes_last_movement_and_stationary_static" time="44.866" /><testcase classname="backend.tests.test_iteration22.TestPositionStationary" name="test_admin_camper_positions_legacy_fallback" time="0.155" /><testcase classname="backend.tests.test_iteration22.TestRazzRegression" name="test_razz_pending_clears_on_catch_or_flee" time="0.517" /></testsuite></testsuites>