<?xml version="1.0" encoding="utf-8"?><testsuites name="pytest tests"><testsuite name="pytest" errors="0" failures="0" skipped="0" tests="25" time="14.839" timestamp="2026-05-06T14:33:58.205147+00:00" hostname="agent-env-71fbc1c0-536e-42f8-aa87-a2c84e4113c4"><testcase classname="backend.tests.test_iteration18.TestEvents" name="test_admin_create_legendary_hour_active" time="0.638" /><testcase classname="backend.tests.test_iteration18.TestEvents" name="test_camper_sees_active" time="0.233" /><testcase classname="backend.tests.test_iteration18.TestEvents" name="test_spotlight_requires_target" time="0.081" /><testcase classname="backend.tests.test_iteration18.TestEvents" name="test_community_day_requires_target" time="0.072" /><testcase classname="backend.tests.test_iteration18.TestEvents" name="test_admin_cancel_event" time="0.185" /><testcase classname="backend.tests.test_iteration18.TestBuddy" name="test_empty_initial" time="0.070" /><testcase classname="backend.tests.test_iteration18.TestBuddy" name="test_set_buddy_requires_caught" time="0.060" /><testcase classname="backend.tests.test_iteration18.TestBuddy" name="test_set_and_get_buddy" time="0.683" /><testcase classname="backend.tests.test_iteration18.TestBuddy" name="test_set_same_buddy_is_noop" time="0.257" /><testcase classname="backend.tests.test_iteration18.TestBuddy" name="test_swap_within_cooldown_429" time="0.100" /><testcase classname="backend.tests.test_iteration18.TestBuddyWalk" name="test_walk_grants_balls_and_candies" time="1.059" /><testcase classname="backend.tests.test_iteration18.TestEvolutions" name="test_admin_patch_evolution_fields" time="8.539" /><testcase classname="backend.tests.test_iteration18.TestEvolutions" name="test_admin_patch_old_payload_still_works" time="0.068" /><testcase classname="backend.tests.test_iteration18.TestEvolutions" name="test_evolve_requires_caught_source" time="0.069" /><testcase classname="backend.tests.test_iteration18.TestEvolutions" name="test_evolve_insufficient_candies" time="0.083" /><testcase classname="backend.tests.test_iteration18.TestEvolutions" name="test_evolve_success_flow" time="0.301" /><testcase classname="backend.tests.test_iteration18.TestBankEvolutionFields" name="test_bank_entry_has_evolution_fields" time="0.171" /><testcase classname="backend.tests.test_iteration18.TestPokestops" name="test_spin_grants_balls" time="0.239" /><testcase classname="backend.tests.test_iteration18.TestPokestops" name="test_spin_cooldown_429" time="0.076" /><testcase classname="backend.tests.test_iteration18.TestPokestops" name="test_pokestops_status" time="0.062" /><testcase classname="backend.tests.test_iteration18.TestPokestops" name="test_inventory_returns_items" time="0.080" /><testcase classname="backend.tests.test_iteration18.TestPokestops" name="test_razz_berry_drop_variance" time="1.374" /><testcase classname="backend.tests.test_iteration18.TestRegressions" name="test_spawn_catch_still_works_and_grants_candy" time="0.144" /><testcase classname="backend.tests.test_iteration18.TestRegressions" name="test_streak_endpoint" time="0.073" /><testcase classname="backend.tests.test_iteration18.TestRegressions" name="test_admin_login" time="0.000" /></testsuite></testsuites>