<?xml version="1.0" encoding="utf-8"?><testsuites name="pytest tests"><testsuite name="pytest" errors="0" failures="1" skipped="0" tests="22" time="43.676" timestamp="2026-05-06T15:12:31.876508+00:00" hostname="agent-env-71fbc1c0-536e-42f8-aa87-a2c84e4113c4"><testcase classname="backend.tests.test_iteration19.TestGroupPositions" name="test_excludes_requester_and_first_name_only" time="1.139" /><testcase classname="backend.tests.test_iteration19.TestGroupPositions" name="test_filters_stale_positions" time="0.080" /><testcase classname="backend.tests.test_iteration19.TestGroupPositions" name="test_disabled_returns_empty" time="0.307" /><testcase classname="backend.tests.test_iteration19.TestAdminRaidCRUD" name="test_404_for_unknown_pokemon" time="0.071" /><testcase classname="backend.tests.test_iteration19.TestAdminRaidCRUD" name="test_400_for_bad_duration" time="3.747" /><testcase classname="backend.tests.test_iteration19.TestAdminRaidCRUD" name="test_create_seeds_max_hp_from_rarity" time="3.977" /><testcase classname="backend.tests.test_iteration19.TestAdminRaidCRUD" name="test_admin_only" time="0.134" /><testcase classname="backend.tests.test_iteration19.TestAdminRaidCRUD" name="test_force_end_and_delete" time="3.308" /><testcase classname="backend.tests.test_iteration19.TestAdminRaidCRUD" name="test_force_end_404" time="0.067" /><testcase classname="backend.tests.test_iteration19.TestRaidScoping" name="test_group_scoped_excludes_other_group" time="3.487" /><testcase classname="backend.tests.test_iteration19.TestRaidScoping" name="test_null_group_visible_to_all" time="3.319" /><testcase classname="backend.tests.test_iteration19.TestRaidThrow" name="test_400_when_not_active" time="3.217" /><testcase classname="backend.tests.test_iteration19.TestRaidThrow" name="test_400_when_too_far" time="3.290" /><testcase classname="backend.tests.test_iteration19.TestRaidThrow" name="test_400_when_wrong_group" time="3.476" /><testcase classname="backend.tests.test_iteration19.TestRaidThrow" name="test_throw_deals_damage_charges_ball_and_adds_participant" time="3.491" /><testcase classname="backend.tests.test_iteration19.TestRaidThrow" name="test_400_when_out_of_balls" time="3.259" /><testcase classname="backend.tests.test_iteration19.TestRaidThrow" name="test_defeat_grants_catch_and_candies_to_all_participants" time="3.498"><failure message="AssertionError: Internal Server Error&#10;assert 500 == 200&#10; +  where 500 = &lt;Response [500]&gt;.status_code">backend/tests/test_iteration19.py:485: in test_defeat_grants_catch_and_candies_to_all_participants
    assert r.status_code == 200, r.text
E   AssertionError: Internal Server Error
E   assert 500 == 200
E    +  where 500 = &lt;Response [500]&gt;.status_code</failure></testcase><testcase classname="backend.tests.test_iteration19.TestRegressions" name="test_admin_login" time="0.312" /><testcase classname="backend.tests.test_iteration19.TestRegressions" name="test_admin_pokemon_serialises_evolution_fields" time="3.139" /><testcase classname="backend.tests.test_iteration19.TestRegressions" name="test_streak_endpoint_unchanged" time="0.072" /><testcase classname="backend.tests.test_iteration19.TestRegressions" name="test_admin_events_endpoint_unchanged" time="0.081" /><testcase classname="backend.tests.test_iteration19.TestRegressions" name="test_admin_raids_list_smoke" time="0.065" /></testsuite></testsuites>