<?xml version="1.0" encoding="utf-8"?><testsuites name="pytest tests"><testsuite name="pytest" errors="0" failures="0" skipped="0" tests="8" time="22.392" timestamp="2026-05-06T16:46:12.917845+00:00" hostname="agent-env-71fbc1c0-536e-42f8-aa87-a2c84e4113c4"><testcase classname="backend.tests.test_iteration20.TestRaidDefeatRegression" name="test_defeat_grants_catch_to_all_participants" time="5.486" /><testcase classname="backend.tests.test_iteration20.TestRaidDefeatRegression" name="test_concurrent_killing_blow_atomic" time="4.482" /><testcase classname="backend.tests.test_iteration20.TestCryAudioUrl" name="test_pokemon_out_includes_cry_audio_url_key" time="3.898" /><testcase classname="backend.tests.test_iteration20.TestCryAudioUrl" name="test_patch_persists_cry_audio_url" time="7.862" /><testcase classname="backend.tests.test_iteration20.TestRegressions" name="test_admin_login" time="0.301" /><testcase classname="backend.tests.test_iteration20.TestRegressions" name="test_active_raids_endpoint" time="0.084" /><testcase classname="backend.tests.test_iteration20.TestRegressions" name="test_admin_raids_list" time="0.143" /><testcase classname="backend.tests.test_iteration20.TestRegressions" name="test_streak_endpoint" time="0.073" /></testsuite></testsuites>