<?xml version="1.0" encoding="utf-8"?><testsuites name="pytest tests"><testsuite name="pytest" errors="0" failures="0" skipped="0" tests="10" time="80.307" timestamp="2026-05-06T13:41:35.594364+00:00" hostname="agent-env-71fbc1c0-536e-42f8-aa87-a2c84e4113c4"><testcase classname="backend.tests.test_iteration17.TestBackwardsCompat" name="test_catch_without_new_fields" time="2.552" /><testcase classname="backend.tests.test_iteration17.TestValidation" name="test_invalid_throw_quality_422" time="0.236" /><testcase classname="backend.tests.test_iteration17.TestValidation" name="test_valid_qualities_accepted" time="1.318" /><testcase classname="backend.tests.test_iteration17.TestValidation" name="test_curveball_bool_accepted" time="0.318" /><testcase classname="backend.tests.test_iteration17.TestSkillMultiplierMaxOut" name="test_excellent_curveball_lunchball_legendary_high" time="20.507" /><testcase classname="backend.tests.test_iteration17.TestSkillMultiplierBump" name="test_nice_pokeball_bump_legendary" time="53.675" /><testcase classname="backend.tests.test_iteration17.TestRegressions" name="test_streak_endpoint" time="0.177" /><testcase classname="backend.tests.test_iteration17.TestRegressions" name="test_admin_login" time="0.388" /><testcase classname="backend.tests.test_iteration17.TestRegressions" name="test_wobble_stages_shape" time="0.314" /><testcase classname="backend.tests.test_iteration17.TestRegressions" name="test_spawn_current_still_works" time="0.744" /></testsuite></testsuites>