<?xml version="1.0" encoding="utf-8"?><testsuites name="pytest tests"><testsuite name="pytest" errors="0" failures="0" skipped="0" tests="24" time="4.719" timestamp="2026-04-21T18:39:55.416298+00:00" hostname="agent-env-71fbc1c0-536e-42f8-aa87-a2c84e4113c4"><testcase classname="tests.test_backend" name="test_health_root" time="0.148" /><testcase classname="tests.test_backend" name="test_admin_login_valid" time="0.339" /><testcase classname="tests.test_backend" name="test_admin_login_invalid" time="0.355" /><testcase classname="tests.test_backend" name="test_admin_me" time="0.134" /><testcase classname="tests.test_backend" name="test_admin_list_pokemon_60_slots" time="0.118" /><testcase classname="tests.test_backend" name="test_admin_patch_pokemon" time="0.126" /><testcase classname="tests.test_backend" name="test_admin_upload_image" time="0.116" /><testcase classname="tests.test_backend" name="test_admin_create_user" time="0.358" /><testcase classname="tests.test_backend" name="test_admin_create_user_duplicate" time="0.117" /><testcase classname="tests.test_backend" name="test_user_login" time="0.350" /><testcase classname="tests.test_backend" name="test_user_me" time="0.117" /><testcase classname="tests.test_backend" name="test_spawn_config_get" time="0.119" /><testcase classname="tests.test_backend" name="test_spawn_config_update_invalid" time="0.121" /><testcase classname="tests.test_backend" name="test_spawn_config_update_valid" time="0.166" /><testcase classname="tests.test_backend" name="test_spawn_catch_no_active" time="0.120" /><testcase classname="tests.test_backend" name="test_spawn_current_flow" time="0.114" /><testcase classname="tests.test_backend" name="test_catch_flow" time="0.620" /><testcase classname="tests.test_backend" name="test_bank_has_catch" time="0.127" /><testcase classname="tests.test_backend" name="test_catches_list" time="0.145" /><testcase classname="tests.test_backend" name="test_analytics" time="0.128" /><testcase classname="tests.test_backend" name="test_admin_requires_admin_token" time="0.116" /><testcase classname="tests.test_backend" name="test_spawn_requires_auth" time="0.115" /><testcase classname="tests.test_backend" name="test_admin_delete_user" time="0.141" /><testcase classname="tests.test_backend" name="test_admin_create_and_delete_pokemon" time="0.259" /></testsuite></testsuites>